2020-12-29 23:54:52.302 [restartedMain] INFO  com.example.mybatis.MybatisApplication - Starting MybatisApplication using Java 1.8.0_102 on Jerry-de-MacBook-Pro.local with PID 84535 (/Users/MacBook/tempCode/java/MyBatisDemo/target/classes started by MacBook in /Users/MacBook/tempCode/java/MyBatisDemo)
2020-12-29 23:54:52.328 [restartedMain] INFO  com.example.mybatis.MybatisApplication - No active profile set, falling back to default profiles: default
2020-12-29 23:54:53.013 [restartedMain] INFO  o.s.b.d.env.DevToolsPropertyDefaultsPostProcessor - Devtools property defaults active! Set 'spring.devtools.add-properties' to 'false' to disable
2020-12-29 23:54:53.018 [restartedMain] INFO  o.s.b.d.env.DevToolsPropertyDefaultsPostProcessor - For additional web related logging consider setting the 'logging.level.web' property to 'DEBUG'
2020-12-29 23:54:59.411 [restartedMain] INFO  o.s.boot.web.embedded.tomcat.TomcatWebServer - Tomcat initialized with port(s): 8090 (http)
2020-12-29 23:54:59.430 [restartedMain] INFO  org.apache.coyote.http11.Http11NioProtocol - Initializing ProtocolHandler ["http-nio-8090"]
2020-12-29 23:54:59.432 [restartedMain] INFO  org.apache.catalina.core.StandardService - Starting service [Tomcat]
2020-12-29 23:54:59.432 [restartedMain] INFO  org.apache.catalina.core.StandardEngine - Starting Servlet engine: [Apache Tomcat/9.0.41]
2020-12-29 23:54:59.641 [restartedMain] INFO  o.a.c.core.ContainerBase.[Tomcat].[localhost].[/] - Initializing Spring embedded WebApplicationContext
2020-12-29 23:54:59.642 [restartedMain] INFO  o.s.b.w.s.c.ServletWebServerApplicationContext - Root WebApplicationContext: initialization completed in 6615 ms
2020-12-29 23:55:01.551 [restartedMain] INFO  o.s.scheduling.concurrent.ThreadPoolTaskExecutor - Initializing ExecutorService 'applicationTaskExecutor'
2020-12-29 23:55:03.071 [restartedMain] INFO  o.s.b.d.autoconfigure.OptionalLiveReloadServer - LiveReload server is running on port 35729
2020-12-29 23:55:03.128 [restartedMain] INFO  org.apache.coyote.http11.Http11NioProtocol - Starting ProtocolHandler ["http-nio-8090"]
2020-12-29 23:55:03.205 [restartedMain] INFO  o.s.boot.web.embedded.tomcat.TomcatWebServer - Tomcat started on port(s): 8090 (http) with context path ''
2020-12-29 23:55:03.364 [restartedMain] INFO  com.example.mybatis.MybatisApplication - Started MybatisApplication in 14.547 seconds (JVM running for 16.948)
2020-12-29 23:55:10.663 [http-nio-8090-exec-1] INFO  o.a.c.core.ContainerBase.[Tomcat].[localhost].[/] - Initializing Spring DispatcherServlet 'dispatcherServlet'
2020-12-29 23:55:10.667 [http-nio-8090-exec-1] INFO  org.springframework.web.servlet.DispatcherServlet - Initializing Servlet 'dispatcherServlet'
2020-12-29 23:55:10.678 [http-nio-8090-exec-1] INFO  org.springframework.web.servlet.DispatcherServlet - Completed initialization in 6 ms
2020-12-29 23:55:10.889 [http-nio-8090-exec-1] INFO  com.zaxxer.hikari.HikariDataSource - HikariPool-1 - Starting...
2020-12-29 23:55:11.612 [http-nio-8090-exec-1] INFO  com.zaxxer.hikari.HikariDataSource - HikariPool-1 - Start completed.
2020-12-29 23:55:11.654 [http-nio-8090-exec-1] INFO  com.example.mybatis.controller.UserController - =============== 1
2020-12-29 23:57:28.024 [Thread-35] INFO  o.s.scheduling.concurrent.ThreadPoolTaskExecutor - Shutting down ExecutorService 'applicationTaskExecutor'
2020-12-29 23:57:28.026 [Thread-35] INFO  com.zaxxer.hikari.HikariDataSource - HikariPool-1 - Shutdown initiated...
2020-12-29 23:57:28.045 [Thread-35] INFO  com.zaxxer.hikari.HikariDataSource - HikariPool-1 - Shutdown completed.
2020-12-29 23:57:28.852 [restartedMain] INFO  com.example.mybatis.MybatisApplication - Starting MybatisApplication using Java 1.8.0_102 on Jerry-de-MacBook-Pro.local with PID 84535 (/Users/MacBook/tempCode/java/MyBatisDemo/target/classes started by MacBook in /Users/MacBook/tempCode/java/MyBatisDemo)
2020-12-29 23:57:28.854 [restartedMain] INFO  com.example.mybatis.MybatisApplication - No active profile set, falling back to default profiles: default
2020-12-29 23:57:29.464 [restartedMain] INFO  o.s.boot.web.embedded.tomcat.TomcatWebServer - Tomcat initialized with port(s): 8090 (http)
2020-12-29 23:57:29.469 [restartedMain] INFO  org.apache.coyote.http11.Http11NioProtocol - Initializing ProtocolHandler ["http-nio-8090"]
2020-12-29 23:57:29.469 [restartedMain] INFO  org.apache.catalina.core.StandardService - Starting service [Tomcat]
2020-12-29 23:57:29.474 [restartedMain] INFO  org.apache.catalina.core.StandardEngine - Starting Servlet engine: [Apache Tomcat/9.0.41]
2020-12-29 23:57:29.513 [restartedMain] INFO  o.a.c.core.ContainerBase.[Tomcat].[localhost].[/] - Initializing Spring embedded WebApplicationContext
2020-12-29 23:57:29.513 [restartedMain] INFO  o.s.b.w.s.c.ServletWebServerApplicationContext - Root WebApplicationContext: initialization completed in 651 ms
2020-12-29 23:57:29.747 [restartedMain] INFO  o.s.scheduling.concurrent.ThreadPoolTaskExecutor - Initializing ExecutorService 'applicationTaskExecutor'
2020-12-29 23:57:29.996 [restartedMain] INFO  o.s.b.d.autoconfigure.OptionalLiveReloadServer - LiveReload server is running on port 35729
2020-12-29 23:57:30.039 [restartedMain] INFO  org.apache.coyote.http11.Http11NioProtocol - Starting ProtocolHandler ["http-nio-8090"]
2020-12-29 23:57:30.052 [restartedMain] INFO  o.s.boot.web.embedded.tomcat.TomcatWebServer - Tomcat started on port(s): 8090 (http) with context path ''
2020-12-29 23:57:30.064 [restartedMain] INFO  com.example.mybatis.MybatisApplication - Started MybatisApplication in 1.522 seconds (JVM running for 163.644)
2020-12-29 23:57:30.066 [restartedMain] INFO  o.s.b.d.a.ConditionEvaluationDeltaLoggingListener - Condition evaluation unchanged
2020-12-29 23:57:53.814 [http-nio-8090-exec-1] INFO  o.a.c.core.ContainerBase.[Tomcat].[localhost].[/] - Initializing Spring DispatcherServlet 'dispatcherServlet'
2020-12-29 23:57:53.827 [http-nio-8090-exec-1] INFO  org.springframework.web.servlet.DispatcherServlet - Initializing Servlet 'dispatcherServlet'
2020-12-29 23:57:53.834 [http-nio-8090-exec-1] INFO  org.springframework.web.servlet.DispatcherServlet - Completed initialization in 7 ms
2020-12-29 23:57:53.884 [http-nio-8090-exec-1] INFO  com.zaxxer.hikari.HikariDataSource - HikariPool-2 - Starting...
2020-12-29 23:57:53.984 [http-nio-8090-exec-1] INFO  com.zaxxer.hikari.HikariDataSource - HikariPool-2 - Start completed.
2020-12-29 23:57:53.991 [http-nio-8090-exec-1] INFO  com.example.mybatis.controller.UserController - =============== 1
2020-12-29 23:58:22.089 [Thread-42] INFO  o.s.scheduling.concurrent.ThreadPoolTaskExecutor - Shutting down ExecutorService 'applicationTaskExecutor'
2020-12-29 23:58:22.089 [Thread-42] INFO  com.zaxxer.hikari.HikariDataSource - HikariPool-2 - Shutdown initiated...
2020-12-29 23:58:22.094 [Thread-42] INFO  com.zaxxer.hikari.HikariDataSource - HikariPool-2 - Shutdown completed.
2020-12-29 23:58:22.339 [restartedMain] INFO  com.example.mybatis.MybatisApplication - Starting MybatisApplication using Java 1.8.0_102 on Jerry-de-MacBook-Pro.local with PID 84535 (/Users/MacBook/tempCode/java/MyBatisDemo/target/classes started by MacBook in /Users/MacBook/tempCode/java/MyBatisDemo)
2020-12-29 23:58:22.340 [restartedMain] INFO  com.example.mybatis.MybatisApplication - No active profile set, falling back to default profiles: default
2020-12-29 23:58:23.397 [restartedMain] INFO  o.s.boot.web.embedded.tomcat.TomcatWebServer - Tomcat initialized with port(s): 8090 (http)
2020-12-29 23:58:23.403 [restartedMain] INFO  org.apache.coyote.http11.Http11NioProtocol - Initializing ProtocolHandler ["http-nio-8090"]
2020-12-29 23:58:23.404 [restartedMain] INFO  org.apache.catalina.core.StandardService - Starting service [Tomcat]
2020-12-29 23:58:23.405 [restartedMain] INFO  org.apache.catalina.core.StandardEngine - Starting Servlet engine: [Apache Tomcat/9.0.41]
2020-12-29 23:58:23.424 [restartedMain] INFO  o.a.c.core.ContainerBase.[Tomcat].[localhost].[/] - Initializing Spring embedded WebApplicationContext
2020-12-29 23:58:23.425 [restartedMain] INFO  o.s.b.w.s.c.ServletWebServerApplicationContext - Root WebApplicationContext: initialization completed in 1078 ms
2020-12-29 23:58:23.994 [restartedMain] INFO  o.s.scheduling.concurrent.ThreadPoolTaskExecutor - Initializing ExecutorService 'applicationTaskExecutor'
2020-12-29 23:58:24.664 [restartedMain] INFO  o.s.b.d.autoconfigure.OptionalLiveReloadServer - LiveReload server is running on port 35729
2020-12-29 23:58:24.840 [restartedMain] INFO  org.apache.coyote.http11.Http11NioProtocol - Starting ProtocolHandler ["http-nio-8090"]
2020-12-29 23:58:24.855 [restartedMain] INFO  o.s.boot.web.embedded.tomcat.TomcatWebServer - Tomcat started on port(s): 8090 (http) with context path ''
2020-12-29 23:58:24.872 [restartedMain] INFO  com.example.mybatis.MybatisApplication - Started MybatisApplication in 2.589 seconds (JVM running for 218.45)
2020-12-29 23:58:24.884 [restartedMain] INFO  o.s.b.d.a.ConditionEvaluationDeltaLoggingListener - Condition evaluation unchanged
2020-12-29 23:58:28.056 [http-nio-8090-exec-2] INFO  o.a.c.core.ContainerBase.[Tomcat].[localhost].[/] - Initializing Spring DispatcherServlet 'dispatcherServlet'
2020-12-29 23:58:28.059 [http-nio-8090-exec-2] INFO  org.springframework.web.servlet.DispatcherServlet - Initializing Servlet 'dispatcherServlet'
2020-12-29 23:58:28.060 [http-nio-8090-exec-2] INFO  org.springframework.web.servlet.DispatcherServlet - Completed initialization in 1 ms
2020-12-29 23:58:28.067 [http-nio-8090-exec-2] INFO  com.zaxxer.hikari.HikariDataSource - HikariPool-3 - Starting...
2020-12-29 23:58:28.074 [http-nio-8090-exec-2] INFO  com.zaxxer.hikari.HikariDataSource - HikariPool-3 - Start completed.
2020-12-29 23:58:28.077 [http-nio-8090-exec-2] INFO  com.example.mybatis.controller.UserController - =============== 1
2020-12-29 23:59:00.528 [Thread-47] INFO  o.s.scheduling.concurrent.ThreadPoolTaskExecutor - Shutting down ExecutorService 'applicationTaskExecutor'
2020-12-29 23:59:00.529 [Thread-47] INFO  com.zaxxer.hikari.HikariDataSource - HikariPool-3 - Shutdown initiated...
2020-12-29 23:59:00.537 [Thread-47] INFO  com.zaxxer.hikari.HikariDataSource - HikariPool-3 - Shutdown completed.
2020-12-29 23:59:00.792 [restartedMain] INFO  com.example.mybatis.MybatisApplication - Starting MybatisApplication using Java 1.8.0_102 on Jerry-de-MacBook-Pro.local with PID 84535 (/Users/MacBook/tempCode/java/MyBatisDemo/target/classes started by MacBook in /Users/MacBook/tempCode/java/MyBatisDemo)
2020-12-29 23:59:00.792 [restartedMain] INFO  com.example.mybatis.MybatisApplication - No active profile set, falling back to default profiles: default
2020-12-29 23:59:01.395 [restartedMain] INFO  o.s.boot.web.embedded.tomcat.TomcatWebServer - Tomcat initialized with port(s): 8090 (http)
2020-12-29 23:59:01.396 [restartedMain] INFO  org.apache.coyote.http11.Http11NioProtocol - Initializing ProtocolHandler ["http-nio-8090"]
2020-12-29 23:59:01.397 [restartedMain] INFO  org.apache.catalina.core.StandardService - Starting service [Tomcat]
2020-12-29 23:59:01.398 [restartedMain] INFO  org.apache.catalina.core.StandardEngine - Starting Servlet engine: [Apache Tomcat/9.0.41]
2020-12-29 23:59:01.410 [restartedMain] INFO  o.a.c.core.ContainerBase.[Tomcat].[localhost].[/] - Initializing Spring embedded WebApplicationContext
2020-12-29 23:59:01.410 [restartedMain] INFO  o.s.b.w.s.c.ServletWebServerApplicationContext - Root WebApplicationContext: initialization completed in 611 ms
2020-12-29 23:59:01.718 [restartedMain] INFO  o.s.scheduling.concurrent.ThreadPoolTaskExecutor - Initializing ExecutorService 'applicationTaskExecutor'
2020-12-29 23:59:02.205 [restartedMain] INFO  o.s.b.d.autoconfigure.OptionalLiveReloadServer - LiveReload server is running on port 35729
2020-12-29 23:59:02.220 [restartedMain] INFO  org.apache.coyote.http11.Http11NioProtocol - Starting ProtocolHandler ["http-nio-8090"]
2020-12-29 23:59:02.225 [restartedMain] INFO  o.s.boot.web.embedded.tomcat.TomcatWebServer - Tomcat started on port(s): 8090 (http) with context path ''
2020-12-29 23:59:02.234 [restartedMain] INFO  com.example.mybatis.MybatisApplication - Started MybatisApplication in 1.54 seconds (JVM running for 255.811)
2020-12-29 23:59:02.238 [restartedMain] INFO  o.s.b.d.a.ConditionEvaluationDeltaLoggingListener - Condition evaluation unchanged
